{
  "stats": {
    "suites": 5,
    "tests": 10,
    "passes": 10,
    "pending": 0,
    "failures": 0,
    "start": "2021-04-30T09:02:24.330Z",
    "end": "2021-04-30T09:03:00.908Z",
    "duration": 36578,
    "testsRegistered": 10,
    "passPercent": 100,
    "pendingPercent": 0,
    "other": 0,
    "hasOther": false,
    "skipped": 0,
    "hasSkipped": false
  },
  "results": [
    {
      "uuid": "accd3715-2dbd-4f56-bf46-df2578bea915",
      "title": "",
      "fullFile": "cypress/integration/US/enrollmember.test.js",
      "file": "cypress/integration/US/enrollmember.test.js",
      "beforeHooks": [],
      "afterHooks": [],
      "tests": [],
      "suites": [
        {
          "uuid": "a8171531-1e8f-4e10-b431-6ab0c77729da",
          "title": "Enroll Membership",
          "fullFile": "",
          "file": "",
          "beforeHooks": [],
          "afterHooks": [],
          "tests": [],
          "suites": [
            {
              "uuid": "22ed0169-ee33-4542-a5a1-20ddf570d057",
              "title": "Home Page",
              "fullFile": "",
              "file": "",
              "beforeHooks": [],
              "afterHooks": [],
              "tests": [
                {
                  "title": "Navigating to Application",
                  "fullTitle": "Enroll Membership Home Page Navigating to Application",
                  "timedOut": null,
                  "duration": 13948,
                  "state": "passed",
                  "speed": "slow",
                  "pass": true,
                  "fail": false,
                  "pending": false,
                  "context": null,
                  "code": "_startpage.default.navigate();",
                  "err": {},
                  "uuid": "25a35485-fd4e-4a67-975e-6112bbd79197",
                  "parentUUID": "22ed0169-ee33-4542-a5a1-20ddf570d057",
                  "isHook": false,
                  "skipped": false
                },
                {
                  "title": "HomePage UI Design",
                  "fullTitle": "Enroll Membership Home Page HomePage UI Design",
                  "timedOut": null,
                  "duration": 115,
                  "state": "passed",
                  "speed": "slow",
                  "pass": true,
                  "fail": false,
                  "pending": false,
                  "context": null,
                  "code": "_startpage.default.homepageui();",
                  "err": {},
                  "uuid": "73aa483d-311d-4494-9667-97e3bf6219d3",
                  "parentUUID": "22ed0169-ee33-4542-a5a1-20ddf570d057",
                  "isHook": false,
                  "skipped": false
                },
                {
                  "title": "Checking Markets",
                  "fullTitle": "Enroll Membership Home Page Checking Markets",
                  "timedOut": null,
                  "duration": 188,
                  "state": "passed",
                  "speed": "slow",
                  "pass": true,
                  "fail": false,
                  "pending": false,
                  "context": null,
                  "code": "_startpage.default.countriesdropdown();",
                  "err": {},
                  "uuid": "69b34da6-66fd-4cad-b310-8903f81bbcfa",
                  "parentUUID": "22ed0169-ee33-4542-a5a1-20ddf570d057",
                  "isHook": false,
                  "skipped": false
                },
                {
                  "title": "Select Market",
                  "fullTitle": "Enroll Membership Home Page Select Market",
                  "timedOut": null,
                  "duration": 250,
                  "state": "passed",
                  "speed": "slow",
                  "pass": true,
                  "fail": false,
                  "pending": false,
                  "context": null,
                  "code": "_startpage.default.selectmarket();",
                  "err": {},
                  "uuid": "aeaa9780-a8a9-4bcc-ac34-75b67f05c572",
                  "parentUUID": "22ed0169-ee33-4542-a5a1-20ddf570d057",
                  "isHook": false,
                  "skipped": false
                },
                {
                  "title": "Select language",
                  "fullTitle": "Enroll Membership Home Page Select language",
                  "timedOut": null,
                  "duration": 269,
                  "state": "passed",
                  "speed": "slow",
                  "pass": true,
                  "fail": false,
                  "pending": false,
                  "context": null,
                  "code": "_startpage.default.selectlanguage();",
                  "err": {},
                  "uuid": "3c169c35-213c-4ba0-a71a-a525a85f7ee2",
                  "parentUUID": "22ed0169-ee33-4542-a5a1-20ddf570d057",
                  "isHook": false,
                  "skipped": false
                },
                {
                  "title": "SignUP",
                  "fullTitle": "Enroll Membership Home Page SignUP",
                  "timedOut": null,
                  "duration": 453,
                  "state": "passed",
                  "speed": "slow",
                  "pass": true,
                  "fail": false,
                  "pending": false,
                  "context": null,
                  "code": "_startpage.default.signup();",
                  "err": {},
                  "uuid": "d4d20582-f395-4178-bba3-cfb647bc63a3",
                  "parentUUID": "22ed0169-ee33-4542-a5a1-20ddf570d057",
                  "isHook": false,
                  "skipped": false
                }
              ],
              "suites": [],
              "passes": [
                "25a35485-fd4e-4a67-975e-6112bbd79197",
                "73aa483d-311d-4494-9667-97e3bf6219d3",
                "69b34da6-66fd-4cad-b310-8903f81bbcfa",
                "aeaa9780-a8a9-4bcc-ac34-75b67f05c572",
                "3c169c35-213c-4ba0-a71a-a525a85f7ee2",
                "d4d20582-f395-4178-bba3-cfb647bc63a3"
              ],
              "failures": [],
              "pending": [],
              "skipped": [],
              "duration": 15223,
              "root": false,
              "rootEmpty": false,
              "_timeout": 2000
            },
            {
              "uuid": "15026be4-55f8-44f6-b238-03fee8e226a9",
              "title": "Account Setup",
              "fullFile": "",
              "file": "",
              "beforeHooks": [],
              "afterHooks": [],
              "tests": [
                {
                  "title": "User Data",
                  "fullTitle": "Enroll Membership Account Setup User Data",
                  "timedOut": null,
                  "duration": 158,
                  "state": "passed",
                  "speed": "slow",
                  "pass": true,
                  "fail": false,
                  "pending": false,
                  "context": null,
                  "code": "_accountpage.default.accountfields();",
                  "err": {},
                  "uuid": "952b1fa2-4d8c-4035-b24b-30f414e801ef",
                  "parentUUID": "15026be4-55f8-44f6-b238-03fee8e226a9",
                  "isHook": false,
                  "skipped": false
                },
                {
                  "title": "User Fields",
                  "fullTitle": "Enroll Membership Account Setup User Fields",
                  "timedOut": null,
                  "duration": 13145,
                  "state": "passed",
                  "speed": "slow",
                  "pass": true,
                  "fail": false,
                  "pending": false,
                  "context": null,
                  "code": "_accountpage.default.userfields();",
                  "err": {},
                  "uuid": "4451b723-0478-419d-b361-1110f193608d",
                  "parentUUID": "15026be4-55f8-44f6-b238-03fee8e226a9",
                  "isHook": false,
                  "skipped": false
                }
              ],
              "suites": [],
              "passes": [
                "952b1fa2-4d8c-4035-b24b-30f414e801ef",
                "4451b723-0478-419d-b361-1110f193608d"
              ],
              "failures": [],
              "pending": [],
              "skipped": [],
              "duration": 13303,
              "root": false,
              "rootEmpty": false,
              "_timeout": 2000
            },
            {
              "uuid": "3ca1ccce-2958-4e06-9ce5-1e2ee6bf6f71",
              "title": "Membership Created",
              "fullFile": "",
              "file": "",
              "beforeHooks": [],
              "afterHooks": [],
              "tests": [
                {
                  "title": "Membership",
                  "fullTitle": "Enroll Membership Membership Created Membership",
                  "timedOut": null,
                  "duration": 6977,
                  "state": "passed",
                  "speed": "slow",
                  "pass": true,
                  "fail": false,
                  "pending": false,
                  "context": null,
                  "code": "_successpage.default.accountcreated();",
                  "err": {},
                  "uuid": "bcc37666-a6fa-4f16-9dd2-5bda5b36266c",
                  "parentUUID": "3ca1ccce-2958-4e06-9ce5-1e2ee6bf6f71",
                  "isHook": false,
                  "skipped": false
                }
              ],
              "suites": [],
              "passes": [
                "bcc37666-a6fa-4f16-9dd2-5bda5b36266c"
              ],
              "failures": [],
              "pending": [],
              "skipped": [],
              "duration": 6977,
              "root": false,
              "rootEmpty": false,
              "_timeout": 2000
            },
            {
              "uuid": "1f724213-bdd9-485c-be5a-f97b8d5b6439",
              "title": "Return To HomePage",
              "fullFile": "",
              "file": "",
              "beforeHooks": [],
              "afterHooks": [],
              "tests": [
                {
                  "title": "HomePage",
                  "fullTitle": "Enroll Membership Return To HomePage HomePage",
                  "timedOut": null,
                  "duration": 794,
                  "state": "passed",
                  "speed": "slow",
                  "pass": true,
                  "fail": false,
                  "pending": false,
                  "context": null,
                  "code": "_startpage.default.homepageui();\n_startpage.default.countriesdropdown();\n_startpage.default.selectmarket();\n_startpage.default.selectlanguage();",
                  "err": {},
                  "uuid": "1862ee5e-255f-4310-a8f6-2ae11f94935a",
                  "parentUUID": "1f724213-bdd9-485c-be5a-f97b8d5b6439",
                  "isHook": false,
                  "skipped": false
                }
              ],
              "suites": [],
              "passes": [
                "1862ee5e-255f-4310-a8f6-2ae11f94935a"
              ],
              "failures": [],
              "pending": [],
              "skipped": [],
              "duration": 794,
              "root": false,
              "rootEmpty": false,
              "_timeout": 2000
            }
          ],
          "passes": [],
          "failures": [],
          "pending": [],
          "skipped": [],
          "duration": 0,
          "root": false,
          "rootEmpty": false,
          "_timeout": 2000
        }
      ],
      "passes": [],
      "failures": [],
      "pending": [],
      "skipped": [],
      "duration": 0,
      "root": true,
      "rootEmpty": true,
      "_timeout": 2000
    }
  ],
  "meta": {
    "mocha": {
      "version": "7.0.1"
    },
    "mochawesome": {
      "options": {
        "quiet": true,
        "reportFilename": "mochawesome",
        "saveHtml": false,
        "saveJson": true,
        "consoleReporter": "spec",
        "useInlineDiffs": false,
        "code": true
      },
      "version": "6.2.2"
    },
    "marge": {
      "options": {
        "id": "default",
        "reportDir": "cypress/reports/mocha",
        "quiet": true,
        "overwrite": false,
        "html": false,
        "json": true
      },
      "version": "5.2.0"
    }
  }
}