{
  "stats": {
    "suites": 6,
    "tests": 14,
    "passes": 14,
    "pending": 0,
    "failures": 0,
    "start": "2021-04-30T09:00:41.046Z",
    "end": "2021-04-30T09:01:47.404Z",
    "duration": 66358,
    "testsRegistered": 14,
    "passPercent": 100,
    "pendingPercent": 0,
    "other": 0,
    "hasOther": false,
    "skipped": 0,
    "hasSkipped": false
  },
  "results": [
    {
      "uuid": "cdbbb3e4-73df-4893-940d-361316076893",
      "title": "",
      "fullFile": "cypress/integration/US/changecountry.test.js",
      "file": "cypress/integration/US/changecountry.test.js",
      "beforeHooks": [],
      "afterHooks": [],
      "tests": [],
      "suites": [
        {
          "uuid": "7d19afed-8a83-4d72-991b-6c10c98ff022",
          "title": "Change Country",
          "fullFile": "",
          "file": "",
          "beforeHooks": [],
          "afterHooks": [],
          "tests": [],
          "suites": [
            {
              "uuid": "c7fd7bf4-f9d4-4eea-b366-30961b303cbb",
              "title": "Home Page",
              "fullFile": "",
              "file": "",
              "beforeHooks": [],
              "afterHooks": [],
              "tests": [
                {
                  "title": "Navigating to Application",
                  "fullTitle": "Change Country Home Page Navigating to Application",
                  "timedOut": null,
                  "duration": 13904,
                  "state": "passed",
                  "speed": "slow",
                  "pass": true,
                  "fail": false,
                  "pending": false,
                  "context": null,
                  "code": "_startpage.default.navigate();",
                  "err": {},
                  "uuid": "443a5867-067a-4a14-8ffb-5b5ae9e93ec8",
                  "parentUUID": "c7fd7bf4-f9d4-4eea-b366-30961b303cbb",
                  "isHook": false,
                  "skipped": false
                },
                {
                  "title": "HomePage UI Design",
                  "fullTitle": "Change Country Home Page HomePage UI Design",
                  "timedOut": null,
                  "duration": 316,
                  "state": "passed",
                  "speed": "slow",
                  "pass": true,
                  "fail": false,
                  "pending": false,
                  "context": null,
                  "code": "_startpage.default.homepageui();",
                  "err": {},
                  "uuid": "4b555728-99c2-48fa-85b7-8f7a5c224a01",
                  "parentUUID": "c7fd7bf4-f9d4-4eea-b366-30961b303cbb",
                  "isHook": false,
                  "skipped": false
                },
                {
                  "title": "Checking Markets",
                  "fullTitle": "Change Country Home Page Checking Markets",
                  "timedOut": null,
                  "duration": 674,
                  "state": "passed",
                  "speed": "slow",
                  "pass": true,
                  "fail": false,
                  "pending": false,
                  "context": null,
                  "code": "_startpage.default.countriesdropdown();",
                  "err": {},
                  "uuid": "d7b49588-9522-4c5c-88ed-30c433ed770f",
                  "parentUUID": "c7fd7bf4-f9d4-4eea-b366-30961b303cbb",
                  "isHook": false,
                  "skipped": false
                },
                {
                  "title": "Select Market",
                  "fullTitle": "Change Country Home Page Select Market",
                  "timedOut": null,
                  "duration": 704,
                  "state": "passed",
                  "speed": "slow",
                  "pass": true,
                  "fail": false,
                  "pending": false,
                  "context": null,
                  "code": "_startpage.default.randomcountry();",
                  "err": {},
                  "uuid": "22de0c9d-84a6-4447-a709-d4a76347f637",
                  "parentUUID": "c7fd7bf4-f9d4-4eea-b366-30961b303cbb",
                  "isHook": false,
                  "skipped": false
                },
                {
                  "title": "Select language",
                  "fullTitle": "Change Country Home Page Select language",
                  "timedOut": null,
                  "duration": 1888,
                  "state": "passed",
                  "speed": "slow",
                  "pass": true,
                  "fail": false,
                  "pending": false,
                  "context": null,
                  "code": "_startpage.default.selectlanguage();",
                  "err": {},
                  "uuid": "1cb38436-de15-4b68-abf4-aeacddbfae19",
                  "parentUUID": "c7fd7bf4-f9d4-4eea-b366-30961b303cbb",
                  "isHook": false,
                  "skipped": false
                },
                {
                  "title": "SignUP",
                  "fullTitle": "Change Country Home Page SignUP",
                  "timedOut": null,
                  "duration": 1599,
                  "state": "passed",
                  "speed": "slow",
                  "pass": true,
                  "fail": false,
                  "pending": false,
                  "context": null,
                  "code": "_startpage.default.signup();",
                  "err": {},
                  "uuid": "f92f9883-9a97-4904-a7a0-ad8f8e1d007c",
                  "parentUUID": "c7fd7bf4-f9d4-4eea-b366-30961b303cbb",
                  "isHook": false,
                  "skipped": false
                }
              ],
              "suites": [],
              "passes": [
                "443a5867-067a-4a14-8ffb-5b5ae9e93ec8",
                "4b555728-99c2-48fa-85b7-8f7a5c224a01",
                "d7b49588-9522-4c5c-88ed-30c433ed770f",
                "22de0c9d-84a6-4447-a709-d4a76347f637",
                "1cb38436-de15-4b68-abf4-aeacddbfae19",
                "f92f9883-9a97-4904-a7a0-ad8f8e1d007c"
              ],
              "failures": [],
              "pending": [],
              "skipped": [],
              "duration": 19085,
              "root": false,
              "rootEmpty": false,
              "_timeout": 2000
            },
            {
              "uuid": "00bfc317-6ca6-49bc-9180-738dc18a0f3b",
              "title": "Change Country",
              "fullFile": "",
              "file": "",
              "beforeHooks": [],
              "afterHooks": [],
              "tests": [
                {
                  "title": "Changing Country",
                  "fullTitle": "Change Country Change Country Changing Country",
                  "timedOut": null,
                  "duration": 9776,
                  "state": "passed",
                  "speed": "slow",
                  "pass": true,
                  "fail": false,
                  "pending": false,
                  "context": null,
                  "code": "_accountpage.default.changecountry();",
                  "err": {},
                  "uuid": "15a95c4a-ef1b-483a-8213-5b8fbad50c20",
                  "parentUUID": "00bfc317-6ca6-49bc-9180-738dc18a0f3b",
                  "isHook": false,
                  "skipped": false
                },
                {
                  "title": "Select Market",
                  "fullTitle": "Change Country Change Country Select Market",
                  "timedOut": null,
                  "duration": 1167,
                  "state": "passed",
                  "speed": "slow",
                  "pass": true,
                  "fail": false,
                  "pending": false,
                  "context": null,
                  "code": "_startpage.default.selectmarket();",
                  "err": {},
                  "uuid": "6ddab46a-f50f-4053-8f1c-a8341ac05924",
                  "parentUUID": "00bfc317-6ca6-49bc-9180-738dc18a0f3b",
                  "isHook": false,
                  "skipped": false
                },
                {
                  "title": "Select language",
                  "fullTitle": "Change Country Change Country Select language",
                  "timedOut": null,
                  "duration": 2658,
                  "state": "passed",
                  "speed": "slow",
                  "pass": true,
                  "fail": false,
                  "pending": false,
                  "context": null,
                  "code": "_startpage.default.selectlanguage();",
                  "err": {},
                  "uuid": "02cba723-692d-477e-a55a-502537aeb8c9",
                  "parentUUID": "00bfc317-6ca6-49bc-9180-738dc18a0f3b",
                  "isHook": false,
                  "skipped": false
                },
                {
                  "title": "SignUP",
                  "fullTitle": "Change Country Change Country SignUP",
                  "timedOut": null,
                  "duration": 1169,
                  "state": "passed",
                  "speed": "slow",
                  "pass": true,
                  "fail": false,
                  "pending": false,
                  "context": null,
                  "code": "_startpage.default.signup();",
                  "err": {},
                  "uuid": "d30a2fe0-76b8-4cb3-88a3-b17fe0e0c7e3",
                  "parentUUID": "00bfc317-6ca6-49bc-9180-738dc18a0f3b",
                  "isHook": false,
                  "skipped": false
                }
              ],
              "suites": [],
              "passes": [
                "15a95c4a-ef1b-483a-8213-5b8fbad50c20",
                "6ddab46a-f50f-4053-8f1c-a8341ac05924",
                "02cba723-692d-477e-a55a-502537aeb8c9",
                "d30a2fe0-76b8-4cb3-88a3-b17fe0e0c7e3"
              ],
              "failures": [],
              "pending": [],
              "skipped": [],
              "duration": 14770,
              "root": false,
              "rootEmpty": false,
              "_timeout": 2000
            },
            {
              "uuid": "61c929c5-42e5-498e-9ead-46201348d505",
              "title": "Account Setup",
              "fullFile": "",
              "file": "",
              "beforeHooks": [],
              "afterHooks": [],
              "tests": [
                {
                  "title": "User Data",
                  "fullTitle": "Change Country Account Setup User Data",
                  "timedOut": null,
                  "duration": 276,
                  "state": "passed",
                  "speed": "slow",
                  "pass": true,
                  "fail": false,
                  "pending": false,
                  "context": null,
                  "code": "_accountpage.default.accountfields();",
                  "err": {},
                  "uuid": "9456d79f-552e-436e-9b99-d39c39a147f6",
                  "parentUUID": "61c929c5-42e5-498e-9ead-46201348d505",
                  "isHook": false,
                  "skipped": false
                },
                {
                  "title": "User Fields",
                  "fullTitle": "Change Country Account Setup User Fields",
                  "timedOut": null,
                  "duration": 22639,
                  "state": "passed",
                  "speed": "slow",
                  "pass": true,
                  "fail": false,
                  "pending": false,
                  "context": null,
                  "code": "_accountpage.default.userfields();",
                  "err": {},
                  "uuid": "bfce1a76-462c-4c4c-a69a-e9d414021a36",
                  "parentUUID": "61c929c5-42e5-498e-9ead-46201348d505",
                  "isHook": false,
                  "skipped": false
                }
              ],
              "suites": [],
              "passes": [
                "9456d79f-552e-436e-9b99-d39c39a147f6",
                "bfce1a76-462c-4c4c-a69a-e9d414021a36"
              ],
              "failures": [],
              "pending": [],
              "skipped": [],
              "duration": 22915,
              "root": false,
              "rootEmpty": false,
              "_timeout": 2000
            },
            {
              "uuid": "23f7e1e9-6440-4839-b65d-7c4c23ba20b5",
              "title": "Membership Created",
              "fullFile": "",
              "file": "",
              "beforeHooks": [],
              "afterHooks": [],
              "tests": [
                {
                  "title": "Membership",
                  "fullTitle": "Change Country Membership Created Membership",
                  "timedOut": null,
                  "duration": 7639,
                  "state": "passed",
                  "speed": "slow",
                  "pass": true,
                  "fail": false,
                  "pending": false,
                  "context": null,
                  "code": "_successpage.default.accountcreated();",
                  "err": {},
                  "uuid": "13242088-d632-4d99-8819-475e40f66abd",
                  "parentUUID": "23f7e1e9-6440-4839-b65d-7c4c23ba20b5",
                  "isHook": false,
                  "skipped": false
                }
              ],
              "suites": [],
              "passes": [
                "13242088-d632-4d99-8819-475e40f66abd"
              ],
              "failures": [],
              "pending": [],
              "skipped": [],
              "duration": 7639,
              "root": false,
              "rootEmpty": false,
              "_timeout": 2000
            },
            {
              "uuid": "26455117-3835-4121-97d8-af6187307721",
              "title": "Return To HomePage",
              "fullFile": "",
              "file": "",
              "beforeHooks": [],
              "afterHooks": [],
              "tests": [
                {
                  "title": "HomePage",
                  "fullTitle": "Change Country Return To HomePage HomePage",
                  "timedOut": null,
                  "duration": 921,
                  "state": "passed",
                  "speed": "slow",
                  "pass": true,
                  "fail": false,
                  "pending": false,
                  "context": null,
                  "code": "_startpage.default.homepageui();\n_startpage.default.countriesdropdown();\n_startpage.default.selectmarket();\n_startpage.default.selectlanguage();",
                  "err": {},
                  "uuid": "04f0fe63-d46c-4cd5-8fc3-8d9cfe0e125f",
                  "parentUUID": "26455117-3835-4121-97d8-af6187307721",
                  "isHook": false,
                  "skipped": false
                }
              ],
              "suites": [],
              "passes": [
                "04f0fe63-d46c-4cd5-8fc3-8d9cfe0e125f"
              ],
              "failures": [],
              "pending": [],
              "skipped": [],
              "duration": 921,
              "root": false,
              "rootEmpty": false,
              "_timeout": 2000
            }
          ],
          "passes": [],
          "failures": [],
          "pending": [],
          "skipped": [],
          "duration": 0,
          "root": false,
          "rootEmpty": false,
          "_timeout": 2000
        }
      ],
      "passes": [],
      "failures": [],
      "pending": [],
      "skipped": [],
      "duration": 0,
      "root": true,
      "rootEmpty": true,
      "_timeout": 2000
    }
  ],
  "meta": {
    "mocha": {
      "version": "7.0.1"
    },
    "mochawesome": {
      "options": {
        "quiet": true,
        "reportFilename": "mochawesome",
        "saveHtml": false,
        "saveJson": true,
        "consoleReporter": "spec",
        "useInlineDiffs": false,
        "code": true
      },
      "version": "6.2.2"
    },
    "marge": {
      "options": {
        "id": "default",
        "reportDir": "cypress/reports/mocha",
        "quiet": true,
        "overwrite": false,
        "html": false,
        "json": true
      },
      "version": "5.2.0"
    }
  }
}